<?xml version="1.0" encoding="UTF-8"?>
<!-- Generated by org.testng.reporters.JUnitReportReporter -->
<testsuite hostname="PC-IndrajeetY" failures="0" tests="1" name="TestCases.TC002_AccountLoginTest" time="1.308" errors="0" timestamp="2024-10-23T11:25:01 IST" skipped="0">
  <testcase classname="TestCases.TC002_AccountLoginTest" name="verify_account_Login" time="1.308"/>
</testsuite> <!-- TestCases.TC002_AccountLoginTest -->
